<?xml version="1.0" encoding="UTF-8"?>
<coverage generated="1522945005486" clover="3.2.0">
  <project timestamp="1522945005486" name="All files">
    <metrics statements="30" coveredstatements="20" conditionals="5" coveredconditionals="4" methods="13" coveredmethods="7" elements="48" coveredelements="31" complexity="0" loc="30" ncloc="30" packages="2" files="2" classes="2">
      <package name="BrokerSchema">
        <metrics statements="27" coveredstatements="17" conditionals="3" coveredconditionals="2" methods="11" coveredmethods="5"/>
        <file name="BrokerSchema.ts" path="/Users/fugufish/Code/lucid/src/BrokerSchema/BrokerSchema.ts">
          <metrics statements="27" coveredstatements="17" conditionals="3" coveredconditionals="2" methods="11" coveredmethods="5"/>
          <line num="6" count="2" type="stmt"/>
          <line num="19" count="4" type="stmt"/>
          <line num="25" count="0" type="stmt"/>
          <line num="28" count="4" type="stmt"/>
          <line num="31" count="4" type="stmt"/>
          <line num="32" count="4" type="stmt"/>
          <line num="33" count="4" type="stmt"/>
          <line num="34" count="4" type="stmt"/>
          <line num="40" count="4" type="stmt"/>
          <line num="41" count="4" type="stmt"/>
          <line num="42" count="4" type="stmt"/>
          <line num="43" count="4" type="cond" truecount="1" falsecount="1"/>
          <line num="45" count="0" type="stmt"/>
          <line num="48" count="0" type="stmt"/>
          <line num="49" count="0" type="stmt"/>
          <line num="55" count="1" type="stmt"/>
          <line num="57" count="1" type="stmt"/>
          <line num="81" count="1" type="stmt"/>
          <line num="83" count="1" type="stmt"/>
          <line num="103" count="1" type="stmt"/>
          <line num="105" count="1" type="stmt"/>
          <line num="125" count="0" type="stmt"/>
          <line num="127" count="0" type="stmt"/>
          <line num="147" count="0" type="stmt"/>
          <line num="149" count="0" type="stmt"/>
          <line num="153" count="0" type="stmt"/>
          <line num="154" count="0" type="stmt"/>
        </file>
      </package>
      <package name="Portal">
        <metrics statements="3" coveredstatements="3" conditionals="2" coveredconditionals="2" methods="2" coveredmethods="2"/>
        <file name="Broker.ts" path="/Users/fugufish/Code/lucid/src/Portal/Broker.ts">
          <metrics statements="3" coveredstatements="3" conditionals="2" coveredconditionals="2" methods="2" coveredmethods="2"/>
          <line num="9" count="1" type="cond" truecount="2" falsecount="0"/>
          <line num="11" count="1" type="stmt"/>
          <line num="13" count="1" type="stmt"/>
        </file>
      </package>
    </metrics>
  </project>
</coverage>
