{"/Users/fugufish/Code/lucid/src/BrokerSchema/BrokerSchema.ts": {"path":"/Users/fugufish/Code/lucid/src/BrokerSchema/BrokerSchema.ts","statementMap":{"0":{"start":{"line":6,"column":12},"end":{"line":6,"column":51}},"1":{"start":{"line":28,"column":21},"end":{"line":30,"column":6}},"2":{"start":{"line":31,"column":12},"end":{"line":31,"column":46}},"3":{"start":{"line":32,"column":12},"end":{"line":32,"column":45}},"4":{"start":{"line":33,"column":12},"end":{"line":33,"column":45}},"5":{"start":{"line":34,"column":12},"end":{"line":34,"column":44}},"6":{"start":{"line":40,"column":8},"end":{"line":40,"column":50}},"7":{"start":{"line":41,"column":31},"end":{"line":41,"column":81}},"8":{"start":{"line":42,"column":33},"end":{"line":42,"column":60}},"9":{"start":{"line":43,"column":8},"end":{"line":50,"column":9}},"10":{"start":{"line":45,"column":12},"end":{"line":46,"column":42}},"11":{"start":{"line":48,"column":12},"end":{"line":48,"column":42}},"12":{"start":{"line":49,"column":12},"end":{"line":49,"column":28}},"13":{"start":{"line":19,"column":8},"end":{"line":21,"column":10}},"14":{"start":{"line":25,"column":8},"end":{"line":25,"column":39}},"15":{"start":{"line":55,"column":8},"end":{"line":55,"column":89}},"16":{"start":{"line":57,"column":8},"end":{"line":59,"column":10}},"17":{"start":{"line":81,"column":8},"end":{"line":81,"column":45}},"18":{"start":{"line":83,"column":8},"end":{"line":83,"column":20}},"19":{"start":{"line":103,"column":8},"end":{"line":103,"column":44}},"20":{"start":{"line":105,"column":8},"end":{"line":105,"column":20}},"21":{"start":{"line":125,"column":8},"end":{"line":125,"column":43}},"22":{"start":{"line":127,"column":8},"end":{"line":127,"column":20}},"23":{"start":{"line":147,"column":8},"end":{"line":147,"column":45}},"24":{"start":{"line":149,"column":8},"end":{"line":149,"column":20}},"25":{"start":{"line":153,"column":8},"end":{"line":155,"column":10}},"26":{"start":{"line":154,"column":12},"end":{"line":154,"column":70}},"27":{"start":{"line":154,"column":59},"end":{"line":154,"column":68}}},"fnMap":{"0":{"name":"(anonymous_0)","decl":{"start":{"line":39,"column":4},"end":{"line":39,"column":15}},"loc":{"start":{"line":39,"column":47},"end":{"line":51,"column":5}}},"1":{"name":"(anonymous_1)","decl":{"start":{"line":18,"column":4},"end":{"line":18,"column":7}},"loc":{"start":{"line":18,"column":21},"end":{"line":22,"column":5}}},"2":{"name":"(anonymous_2)","decl":{"start":{"line":24,"column":4},"end":{"line":24,"column":7}},"loc":{"start":{"line":24,"column":20},"end":{"line":26,"column":5}}},"3":{"name":"(anonymous_3)","decl":{"start":{"line":53,"column":11},"end":{"line":53,"column":16}},"loc":{"start":{"line":53,"column":17},"end":{"line":60,"column":5}}},"4":{"name":"(anonymous_4)","decl":{"start":{"line":80,"column":11},"end":{"line":80,"column":21}},"loc":{"start":{"line":80,"column":41},"end":{"line":84,"column":5}}},"5":{"name":"(anonymous_5)","decl":{"start":{"line":102,"column":11},"end":{"line":102,"column":20}},"loc":{"start":{"line":102,"column":40},"end":{"line":106,"column":5}}},"6":{"name":"(anonymous_6)","decl":{"start":{"line":124,"column":11},"end":{"line":124,"column":19}},"loc":{"start":{"line":124,"column":39},"end":{"line":128,"column":5}}},"7":{"name":"(anonymous_7)","decl":{"start":{"line":146,"column":11},"end":{"line":146,"column":20}},"loc":{"start":{"line":146,"column":40},"end":{"line":150,"column":5}}},"8":{"name":"(anonymous_8)","decl":{"start":{"line":152,"column":12},"end":{"line":152,"column":30}},"loc":{"start":{"line":152,"column":31},"end":{"line":156,"column":5}}},"9":{"name":"(anonymous_9)","decl":{"start":{"line":153,"column":15},"end":{"line":153,"column":16}},"loc":{"start":{"line":153,"column":41},"end":{"line":155,"column":9}}},"10":{"name":"(anonymous_10)","decl":{"start":{"line":154,"column":42},"end":{"line":154,"column":43}},"loc":{"start":{"line":154,"column":59},"end":{"line":154,"column":68}}}},"branchMap":{"0":{"loc":{"start":{"line":39,"column":45},"end":{"line":39,"column":47}},"type":"default-arg","locations":[{"start":{"line":39,"column":45},"end":{"line":39,"column":47}}]},"1":{"loc":{"start":{"line":43,"column":8},"end":{"line":50,"column":9}},"type":"if","locations":[{"start":{"line":43,"column":8},"end":{"line":50,"column":9}},{"start":{"line":43,"column":8},"end":{"line":50,"column":9}}]}},"s":{"0":2,"1":4,"2":4,"3":4,"4":4,"5":4,"6":4,"7":4,"8":4,"9":4,"10":0,"11":0,"12":0,"13":4,"14":0,"15":1,"16":1,"17":1,"18":1,"19":1,"20":1,"21":0,"22":0,"23":0,"24":0,"25":0,"26":0,"27":0},"f":{"0":4,"1":4,"2":0,"3":1,"4":1,"5":1,"6":0,"7":0,"8":0,"9":0,"10":0},"b":{"0":[4],"1":[0,4]}}
,"/Users/fugufish/Code/lucid/src/Portal/Broker.ts": {"path":"/Users/fugufish/Code/lucid/src/Portal/Broker.ts","statementMap":{"0":{"start":{"line":9,"column":0},"end":{"line":16,"column":1}},"1":{"start":{"line":13,"column":12},"end":{"line":13,"column":28}},"2":{"start":{"line":11,"column":17},"end":{"line":15,"column":5}}},"fnMap":{"0":{"name":"(anonymous_0)","decl":{"start":{"line":9,"column":0},"end":{"line":9,"column":16}},"loc":{"start":{"line":9,"column":23},"end":{"line":16,"column":1}}},"1":{"name":"(anonymous_1)","decl":{"start":{"line":12,"column":8},"end":{"line":12,"column":11}},"loc":{"start":{"line":12,"column":24},"end":{"line":14,"column":9}}}},"branchMap":{"0":{"loc":{"start":{"line":9,"column":17},"end":{"line":9,"column":23}},"type":"binary-expr","locations":[{"start":{"line":9,"column":17},"end":{"line":9,"column":23}},{"start":{"line":9,"column":17},"end":{"line":9,"column":23}}]}},"s":{"0":1,"1":1,"2":1},"f":{"0":1,"1":1},"b":{"0":[1,1]}}
}
