TN:
SF:/Users/fugufish/Code/lucid/src/BrokerSchema/BrokerSchema.ts
FN:39,(anonymous_0)
FN:18,(anonymous_1)
FN:24,(anonymous_2)
FN:53,(anonymous_3)
FN:80,(anonymous_4)
FN:102,(anonymous_5)
FN:124,(anonymous_6)
FN:146,(anonymous_7)
FN:152,(anonymous_8)
FN:153,(anonymous_9)
FN:154,(anonymous_10)
FNF:11
FNH:5
FNDA:4,(anonymous_0)
FNDA:4,(anonymous_1)
FNDA:0,(anonymous_2)
FNDA:1,(anonymous_3)
FNDA:1,(anonymous_4)
FNDA:1,(anonymous_5)
FNDA:0,(anonymous_6)
FNDA:0,(anonymous_7)
FNDA:0,(anonymous_8)
FNDA:0,(anonymous_9)
FNDA:0,(anonymous_10)
DA:6,2
DA:19,4
DA:25,0
DA:28,4
DA:31,4
DA:32,4
DA:33,4
DA:34,4
DA:40,4
DA:41,4
DA:42,4
DA:43,4
DA:45,0
DA:48,0
DA:49,0
DA:55,1
DA:57,1
DA:81,1
DA:83,1
DA:103,1
DA:105,1
DA:125,0
DA:127,0
DA:147,0
DA:149,0
DA:153,0
DA:154,0
LF:27
LH:17
BRDA:39,0,0,4
BRDA:43,1,0,0
BRDA:43,1,1,4
BRF:3
BRH:2
end_of_record
TN:
SF:/Users/fugufish/Code/lucid/src/Portal/Broker.ts
FN:9,(anonymous_0)
FN:12,(anonymous_1)
FNF:2
FNH:2
FNDA:1,(anonymous_0)
FNDA:1,(anonymous_1)
DA:9,1
DA:11,1
DA:13,1
LF:3
LH:3
BRDA:9,0,0,1
BRDA:9,0,1,1
BRF:2
BRH:2
end_of_record
